<?xml version="1.0" encoding="UTF-8"?>
<!-- Generated by org.testng.reporters.JUnitReportReporter -->
<testsuite hostname="LAPTOP-UITVM2L2" failures="0" tests="9" name="testCases.RetailOrdersModule" time="213.182" errors="0" timestamp="2025-02-05T00:53:16 IST" skipped="0">
  <testcase classname="testCases.RetailOrdersModule" name="B2C_001" time="28.258"/>
  <system-out/>
  <testcase classname="testCases.RetailOrdersModule" name="B2C_002" time="22.297"/>
  <system-out/>
  <testcase classname="testCases.RetailOrdersModule" name="B2C_003" time="21.650"/>
  <system-out/>
  <testcase classname="testCases.RetailOrdersModule" name="B2C_004" time="21.593"/>
  <system-out/>
  <testcase classname="testCases.RetailOrdersModule" name="B2C_005" time="21.754"/>
  <system-out/>
  <testcase classname="testCases.RetailOrdersModule" name="B2C_006" time="22.445"/>
  <system-out/>
  <testcase classname="testCases.RetailOrdersModule" name="B2C_007" time="24.369"/>
  <system-out/>
  <testcase classname="testCases.RetailOrdersModule" name="B2C_008" time="25.663"/>
  <system-out/>
  <testcase classname="testCases.RetailOrdersModule" name="B2C_009" time="25.153"/>
  <system-out/>
</testsuite> <!-- testCases.RetailOrdersModule -->
