<?xml version="1.0" encoding="UTF-8"?>
<!-- Generated by org.testng.reporters.JUnitReportReporter -->
<testsuite hostname="LAPTOP-UITVM2L2" failures="0" tests="2" name="testCases.OrdersModule" time="22.837" errors="0" timestamp="2025-01-23T15:43:38 IST" skipped="0">
  <testcase classname="testCases.OrdersModule" name="createRetailOrder_Tc001" time="12.518"/>
  <system-out/>
  <testcase classname="testCases.OrdersModule" name="VerifycreateRetailOrder_Tc002" time="10.319"/>
  <system-out/>
</testsuite> <!-- testCases.OrdersModule -->
