<?xml version="1.0" encoding="UTF-8"?>
<!-- Generated by org.testng.reporters.JUnitReportReporter -->
<testsuite hostname="LAPTOP-UITVM2L2" failures="0" tests="2" name="testCases.OrdersModule" time="55.507" errors="0" timestamp="2025-01-27T19:47:25 IST" skipped="0">
  <testcase classname="testCases.OrdersModule" name="B2C_001" time="25.348"/>
  <system-out/>
  <testcase classname="testCases.OrdersModule" name="B2C_002" time="30.159"/>
  <system-out/>
</testsuite> <!-- testCases.OrdersModule -->
