<?xml version="1.0" encoding="UTF-8"?>
<!-- Generated by org.testng.reporters.JUnitReportReporter -->
<testsuite hostname="LAPTOP-UITVM2L2" failures="0" tests="5" name="testCases.RetailOrdersModule" time="206.342" errors="0" timestamp="2025-01-30T01:33:17 IST" skipped="0">
  <testcase classname="testCases.RetailOrdersModule" name="B2C_001" time="25.890"/>
  <system-out/>
  <testcase classname="testCases.RetailOrdersModule" name="B2C_002" time="30.327"/>
  <system-out/>
  <testcase classname="testCases.RetailOrdersModule" name="B2C_003" time="40.104"/>
  <system-out/>
  <testcase classname="testCases.RetailOrdersModule" name="B2C_004" time="49.812"/>
  <system-out/>
  <testcase classname="testCases.RetailOrdersModule" name="B2C_005" time="60.209"/>
  <system-out/>
</testsuite> <!-- testCases.RetailOrdersModule -->
