<?xml version="1.0" encoding="UTF-8"?>
<!-- Generated by org.testng.reporters.JUnitReportReporter -->
<testsuite hostname="LAPTOP-UITVM2L2" failures="0" tests="1" name="testCases.LoginModule" time="1.826" errors="0" timestamp="2025-01-16T11:08:29 IST" skipped="0">
  <testcase classname="testCases.LoginModule" name="loginEasyEcom_Tc001" time="1.826"/>
  <system-out/>
</testsuite> <!-- testCases.LoginModule -->
