<?xml version="1.0" encoding="UTF-8"?>
<!-- Generated by org.testng.reporters.JUnitReportReporter -->
<testsuite hostname="LAPTOP-UITVM2L2" failures="0" tests="1" name="testCases.RetailOrdersModule" time="30.483" errors="0" timestamp="2025-01-29T23:35:14 IST" skipped="0">
  <testcase classname="testCases.RetailOrdersModule" name="B2C_004" time="30.483"/>
  <system-out/>
</testsuite> <!-- testCases.RetailOrdersModule -->
