<?xml version="1.0" encoding="UTF-8"?>
<!-- Generated by org.testng.reporters.JUnitReportReporter -->
<testsuite hostname="LAPTOP-UITVM2L2" failures="0" tests="2" name="testCases.OrdersModule" time="35.209" errors="0" timestamp="2025-01-18T19:27:19 IST" skipped="0">
  <testcase classname="testCases.OrdersModule" name="createRetailOrder_Tc001" time="14.892"/>
  <system-out/>
  <testcase classname="testCases.OrdersModule" name="VerifycreateRetailOrder_Tc002" time="20.317"/>
  <system-out/>
</testsuite> <!-- testCases.OrdersModule -->
