<?xml version="1.0" encoding="UTF-8"?>
<!-- Generated by org.testng.reporters.JUnitReportReporter -->
<testsuite hostname="LAPTOP-UITVM2L2" failures="0" tests="1" name="testCases.loginModule" time="1.838" errors="0" timestamp="2025-01-09T23:04:14 IST" skipped="0">
  <testcase classname="testCases.loginModule" name="loginEasyEcom_Tc001" time="1.838"/>
  <system-out/>
</testsuite> <!-- testCases.loginModule -->
