<?xml version="1.0" encoding="UTF-8"?>
<!-- Generated by org.testng.reporters.JUnitReportReporter -->
<testsuite hostname="LAPTOP-UITVM2L2" failures="0" tests="1" name="testCases.OrdersModule" time="17.213" errors="0" timestamp="2025-01-16T23:39:39 IST" skipped="0">
  <testcase classname="testCases.OrdersModule" name="createRetailOrder_Tc001" time="17.213"/>
  <system-out/>
</testsuite> <!-- testCases.OrdersModule -->
