<?xml version="1.0" encoding="UTF-8"?>
<!-- Generated by org.testng.reporters.JUnitReportReporter -->
<testsuite hostname="LAPTOP-UITVM2L2" failures="0" tests="1" name="testCases.RetailOrdersModule" time="34.337" errors="0" timestamp="2025-02-05T00:19:40 IST" skipped="0">
  <testcase classname="testCases.RetailOrdersModule" name="B2C_009" time="34.337"/>
  <system-out/>
</testsuite> <!-- testCases.RetailOrdersModule -->
